Sun Mar 30 09:21:46 UTC 2025
Sun Mar 30 13:02:34 UTC 2025
Mon Mar 31 13:19:17 UTC 2025
Tue Apr  1 13:35:44 UTC 2025
Wed Apr  2 13:18:54 UTC 2025
Thu Apr  3 13:18:19 UTC 2025
Fri Apr  4 13:16:48 UTC 2025
Sat Apr  5 13:01:43 UTC 2025
Sun Apr  6 13:02:22 UTC 2025
Mon Apr  7 13:35:21 UTC 2025
Tue Apr  8 13:34:22 UTC 2025
Wed Apr  9 13:37:10 UTC 2025
Thu Apr 10 13:19:11 UTC 2025
Fri Apr 11 13:17:44 UTC 2025
Sat Apr 12 13:02:16 UTC 2025
Sun Apr 13 13:03:48 UTC 2025
Mon Apr 14 13:35:53 UTC 2025
Tue Apr 15 13:36:03 UTC 2025
Wed Apr 16 13:34:30 UTC 2025
Thu Apr 17 13:18:26 UTC 2025
Fri Apr 18 13:15:30 UTC 2025
Sat Apr 19 13:02:28 UTC 2025
Sun Apr 20 13:05:06 UTC 2025
Mon Apr 21 13:17:11 UTC 2025
Tue Apr 22 13:34:58 UTC 2025
Wed Apr 23 13:35:46 UTC 2025
Thu Apr 24 13:36:35 UTC 2025
Fri Apr 25 13:18:32 UTC 2025
Sat Apr 26 13:04:03 UTC 2025
Sun Apr 27 13:04:15 UTC 2025
Mon Apr 28 13:49:52 UTC 2025
Tue Apr 29 13:44:19 UTC 2025
Wed Apr 30 12:29:08 UTC 2025
Thu May  1 12:28:43 UTC 2025
Fri May  2 12:29:03 UTC 2025
Sat May  3 12:27:01 UTC 2025
Sun May  4 12:27:12 UTC 2025
Mon May  5 12:29:58 UTC 2025
Tue May  6 12:31:52 UTC 2025
Wed May  7 12:31:52 UTC 2025
Thu May  8 12:30:06 UTC 2025
Fri May  9 12:29:32 UTC 2025
Sat May 10 12:26:47 UTC 2025
Sun May 11 12:27:08 UTC 2025
Mon May 12 12:31:15 UTC 2025
Tue May 13 12:31:36 UTC 2025
Wed May 14 12:30:29 UTC 2025
Thu May 15 12:30:53 UTC 2025
Fri May 16 12:30:53 UTC 2025
Sat May 17 12:27:16 UTC 2025
Sun May 18 12:27:27 UTC 2025
Mon May 19 12:31:40 UTC 2025
Tue May 20 12:32:11 UTC 2025
Wed May 21 12:31:05 UTC 2025
Thu May 22 12:31:33 UTC 2025
Fri May 23 12:30:08 UTC 2025
Sat May 24 12:27:21 UTC 2025
Sun May 25 12:27:31 UTC 2025
Mon May 26 12:30:10 UTC 2025
Tue May 27 12:31:33 UTC 2025
Wed May 28 12:31:39 UTC 2025
Thu May 29 12:30:45 UTC 2025
Fri May 30 12:30:24 UTC 2025
Sat May 31 12:27:42 UTC 2025
Sun Jun  1 12:28:31 UTC 2025
Mon Jun  2 12:31:51 UTC 2025
Tue Jun  3 12:31:57 UTC 2025
Wed Jun  4 12:31:56 UTC 2025
Thu Jun  5 12:31:57 UTC 2025
Fri Jun  6 12:30:32 UTC 2025
Sat Jun  7 12:27:56 UTC 2025
Sun Jun  8 12:27:59 UTC 2025
Mon Jun  9 12:31:50 UTC 2025
Tue Jun 10 12:32:24 UTC 2025
Wed Jun 11 12:32:03 UTC 2025
Thu Jun 12 12:31:17 UTC 2025
Fri Jun 13 12:31:29 UTC 2025
Sat Jun 14 12:28:18 UTC 2025
Sun Jun 15 12:28:32 UTC 2025
Mon Jun 16 12:32:45 UTC 2025
Tue Jun 17 12:32:33 UTC 2025
Wed Jun 18 12:32:30 UTC 2025
Thu Jun 19 12:31:45 UTC 2025
Fri Jun 20 12:31:51 UTC 2025
Sat Jun 21 12:28:17 UTC 2025
Sun Jun 22 12:28:10 UTC 2025
Mon Jun 23 12:33:11 UTC 2025
Tue Jun 24 12:32:30 UTC 2025
Wed Jun 25 12:32:48 UTC 2025
Thu Jun 26 12:32:15 UTC 2025
Fri Jun 27 12:31:23 UTC 2025
Sat Jun 28 12:28:29 UTC 2025
Sun Jun 29 12:28:59 UTC 2025
Mon Jun 30 12:32:02 UTC 2025
Tue Jul  1 12:32:28 UTC 2025
Wed Jul  2 12:32:05 UTC 2025
Thu Jul  3 12:32:40 UTC 2025
Fri Jul  4 12:31:41 UTC 2025
Sat Jul  5 12:28:30 UTC 2025
Sun Jul  6 12:28:55 UTC 2025
Mon Jul  7 12:32:18 UTC 2025
